1549901448533	geckodriver	INFO	geckodriver 0.20.1
1549901448610	geckodriver	INFO	Listening on 127.0.0.1:59581
1549901449592	mozrunner::runner	INFO	Running command: "/Applications/Firefox.app/Contents/MacOS/firefox-bin" "-marionette" "-profile" "/var/folders/0t/tlb517v925jdybgm01htlknw0000gn/T/rust_mozprofile.22lPf5CQ7cGm"
1549901595589	geckodriver	INFO	geckodriver 0.20.1
1549901595697	geckodriver	INFO	Listening on 127.0.0.1:59855
1549901596612	mozrunner::runner	INFO	Running command: "/Applications/Firefox.app/Contents/MacOS/firefox-bin" "-marionette" "-profile" "/var/folders/0t/tlb517v925jdybgm01htlknw0000gn/T/rust_mozprofile.aQnkY976m6Yi"
2019-02-11 17:13:37.074 plugin-container[98233:5521576] *** CFMessagePort: bootstrap_register(): failed 1100 (0x44c) 'Permission denied', port = 0x8d3b, name = 'com.apple.tsm.portname'
See /usr/include/servers/bootstrap_defs.h for the error codes.
2019-02-11 17:13:37.291 plugin-container[98233:5521576] unable to obtain configuration from file:///Library/Preferences/com.apple.ViewBridge.plist due to Error Domain=NSCocoaErrorDomain Code=257 "The file “com.apple.ViewBridge.plist” couldn’t be opened because you don’t have permission to view it." UserInfo={NSFilePath=/Library/Preferences/com.apple.ViewBridge.plist, NSUnderlyingError=0x11261a730 {Error Domain=NSPOSIXErrorDomain Code=1 "Operation not permitted"}}
2019-02-11 17:13:37.293 plugin-container[98233:5521642] +[NSXPCSharedListener endpointForReply:withListenerName:]: an error occurred while attempting to obtain endpoint for listener 'ClientCallsAuxiliary': Connection invalid
1549901633138	Marionette	INFO	Listening on port 59862
1549901633208	Marionette	WARN	TLS certificate errors will be ignored for this session
1549901635405	Marionette	DEBUG	Register listener.js for window 4294967297
1549901635406	Marionette	ERROR	No reply from Marionette:Register
JavaScript error: chrome://marionette/content/listener.js, line 464: TypeError: reply[0] is undefined
2019-02-11 17:13:55.425 plugin-container[98236:5522122] *** CFMessagePort: bootstrap_register(): failed 1100 (0x44c) 'Permission denied', port = 0x843b, name = 'com.apple.tsm.portname'
See /usr/include/servers/bootstrap_defs.h for the error codes.
2019-02-11 17:13:55.533 plugin-container[98236:5522122] unable to obtain configuration from file:///Library/Preferences/com.apple.ViewBridge.plist due to Error Domain=NSCocoaErrorDomain Code=257 "The file “com.apple.ViewBridge.plist” couldn’t be opened because you don’t have permission to view it." UserInfo={NSFilePath=/Library/Preferences/com.apple.ViewBridge.plist, NSUnderlyingError=0x1140ee2b0 {Error Domain=NSPOSIXErrorDomain Code=1 "Operation not permitted"}}
2019-02-11 17:13:55.536 plugin-container[98236:5522203] +[NSXPCSharedListener endpointForReply:withListenerName:]: an error occurred while attempting to obtain endpoint for listener 'ClientCallsAuxiliary': Connection invalid
1549901747518	geckodriver	INFO	geckodriver 0.20.1
1549901747624	geckodriver	INFO	Listening on 127.0.0.1:60675
1549901748544	mozrunner::runner	INFO	Running command: "/Applications/Firefox.app/Contents/MacOS/firefox-bin" "-marionette" "-profile" "/var/folders/0t/tlb517v925jdybgm01htlknw0000gn/T/rust_mozprofile.NpGsPyKEXD3M"
2019-02-11 17:15:50.443 plugin-container[98283:5524037] *** CFMessagePort: bootstrap_register(): failed 1100 (0x44c) 'Permission denied', port = 0x843b, name = 'com.apple.tsm.portname'
See /usr/include/servers/bootstrap_defs.h for the error codes.
2019-02-11 17:15:50.672 plugin-container[98283:5524037] unable to obtain configuration from file:///Library/Preferences/com.apple.ViewBridge.plist due to Error Domain=NSCocoaErrorDomain Code=257 "The file “com.apple.ViewBridge.plist” couldn’t be opened because you don’t have permission to view it." UserInfo={NSFilePath=/Library/Preferences/com.apple.ViewBridge.plist, NSUnderlyingError=0x11131e670 {Error Domain=NSPOSIXErrorDomain Code=1 "Operation not permitted"}}
2019-02-11 17:15:50.674 plugin-container[98283:5524048] +[NSXPCSharedListener endpointForReply:withListenerName:]: an error occurred while attempting to obtain endpoint for listener 'ClientCallsAuxiliary': Connection invalid
1549901751014	Marionette	INFO	Listening on port 60682
1549901751035	Marionette	WARN	TLS certificate errors will be ignored for this session
2019-02-11 17:15:51.626 plugin-container[98284:5524134] *** CFMessagePort: bootstrap_register(): failed 1100 (0x44c) 'Permission denied', port = 0x873b, name = 'com.apple.tsm.portname'
See /usr/include/servers/bootstrap_defs.h for the error codes.
2019-02-11 17:15:51.737 plugin-container[98284:5524134] unable to obtain configuration from file:///Library/Preferences/com.apple.ViewBridge.plist due to Error Domain=NSCocoaErrorDomain Code=257 "The file “com.apple.ViewBridge.plist” couldn’t be opened because you don’t have permission to view it." UserInfo={NSFilePath=/Library/Preferences/com.apple.ViewBridge.plist, NSUnderlyingError=0x10d0e1ee0 {Error Domain=NSPOSIXErrorDomain Code=1 "Operation not permitted"}}
2019-02-11 17:15:51.740 plugin-container[98284:5524136] +[NSXPCSharedListener endpointForReply:withListenerName:]: an error occurred while attempting to obtain endpoint for listener 'ClientCallsAuxiliary': Connection invalid

###!!! [Child][RunMessage] Error: Channel closing: too late to send/recv, messages will be lost


###!!! [Child][RunMessage] Error: Channel closing: too late to send/recv, messages will be lost


###!!! [Child][RunMessage] Error: Channel closing: too late to send/recv, messages will be lost


###!!! [Child][RunMessage] Error: Channel closing: too late to send/recv, messages will be lost


###!!! [Child][RunMessage] Error: Channel closing: too late to send/recv, messages will be lost


###!!! [Child][RunMessage] Error: Channel closing: too late to send/recv, messages will be lost


###!!! [Child][RunMessage] Error: Channel closing: too late to send/recv, messages will be lost


###!!! [Child][RunMessage] Error: Channel closing: too late to send/recv, messages will be lost


###!!! [Child][RunMessage] Error: Channel closing: too late to send/recv, messages will be lost


###!!! [Child][RunMessage] Error: Channel closing: too late to send/recv, messages will be lost


###!!! [Child][RunMessage] Error: Channel closing: too late to send/recv, messages will be lost


###!!! [Child][RunMessage] Error: Channel closing: too late to send/recv, messages will be lost


###!!! [Child][RunMessage] Error: Channel closing: too late to send/recv, messages will be lost


###!!! [Child][RunMessage] Error: Channel closing: too late to send/recv, messages will be lost


###!!! [Child][RunMessage] Error: Channel closing: too late to send/recv, messages will be lost


###!!! [Child][RunMessage] Error: Channel closing: too late to send/recv, messages will be lost


###!!! [Child][RunMessage] Error: Channel closing: too late to send/recv, messages will be lost


###!!! [Child][RunMessage] Error: Channel closing: too late to send/recv, messages will be lost

